<?xml version="1.0" encoding="UTF-8"?>
<!-- Generated by org.testng.reporters.JUnitReportReporter -->
<testsuite hostname="LTIN365154" failures="0" tests="1" name="com.base.framework.Base" time="10.251" errors="0" timestamp="2022-10-31T14:33:51 IST" skipped="0">
  <testcase classname="com.base.framework.Base" name="getDriver" time="10.251"/>
  <system-out/>
</testsuite> <!-- com.base.framework.Base -->
