<?xml version="1.0" encoding="UTF-8"?>
<!-- Generated by org.testng.reporters.JUnitReportReporter -->
<testsuite hostname="LTIN365154" failures="0" tests="1" name="com.report.framework.ExtentMenager" time="0.017" errors="0" timestamp="2022-11-15T14:39:44 IST" skipped="0">
  <testcase classname="com.report.framework.ExtentMenager" name="passTest" time="0.017"/>
  <system-out/>
</testsuite> <!-- com.report.framework.ExtentMenager -->
