<?xml version="1.0" encoding="UTF-8"?>
<!-- Generated by org.testng.reporters.JUnitReportReporter -->
<testsuite hostname="LTIN365154" failures="0" tests="1" name="com.testscripts.framwork.TestChilis_QA2" time="63.163" errors="0" timestamp="2022-11-09T10:36:49 IST" skipped="0">
  <testcase classname="com.testscripts.framwork.TestChilis_QA2" name="TC06" time="63.163"/>
  <system-out/>
</testsuite> <!-- com.testscripts.framwork.TestChilis_QA2 -->
