<?xml version="1.0" encoding="UTF-8"?>
<!-- Generated by org.testng.reporters.JUnitReportReporter -->
<testsuite hostname="SUMAN" name="com.easemytrip.testscript.TestScripts" tests="2" failures="0" timestamp="17 Sep 2024 19:20:16 GMT" time="50.111" errors="0">
  <testcase name="write_Flight_Data_to_Excel" time="1.750" classname="com.easemytrip.testscript.TestScripts"/>
  <testcase name="flight_Search" time="48.361" classname="com.easemytrip.testscript.TestScripts"/>
</testsuite> <!-- com.easemytrip.testscript.TestScripts -->
