<?xml version="1.0" encoding="UTF-8"?>
<!-- Generated by org.testng.reporters.JUnitReportReporter -->
<testsuite hostname="LTIN322938" name="com.testscripts.framework.TestChilis" tests="1" failures="0" timestamp="8 Apr 2024 09:18:49 GMT" time="2.793" errors="1">
  <testcase name="TC01_WebBrowser_LoginLogout_TestCase" time="2.793" classname="com.testscripts.framework.TestChilis">
    <error type="java.lang.NullPointerException">
      <![CDATA[java.lang.NullPointerException
	at com.listener.framework.Listeners.onTestSkipped(Listeners.java:152)
	at org.testng.internal.Invoker.runTestListeners(Invoker.java:1683)
	at org.testng.internal.Invoker.runTestListeners(Invoker.java:1675)
	at org.testng.internal.Invoker.invokeMethod(Invoker.java:700)
	at org.testng.internal.Invoker.invokeTestMethod(Invoker.java:820)
	at org.testng.internal.Invoker.invokeTestMethods(Invoker.java:1128)
	at org.testng.internal.TestMethodWorker.invokeTestMethods(TestMethodWorker.java:129)
	at org.testng.internal.TestMethodWorker.run(TestMethodWorker.java:112)
	at org.testng.TestRunner.privateRun(TestRunner.java:782)
	at org.testng.TestRunner.run(TestRunner.java:632)
	at org.testng.SuiteRunner.runTest(SuiteRunner.java:366)
	at org.testng.SuiteRunner.runSequentially(SuiteRunner.java:361)
	at org.testng.SuiteRunner.privateRun(SuiteRunner.java:319)
	at org.testng.SuiteRunner.run(SuiteRunner.java:268)
	at org.testng.SuiteRunnerWorker.runSuite(SuiteRunnerWorker.java:52)
	at org.testng.SuiteRunnerWorker.run(SuiteRunnerWorker.java:86)
	at org.testng.TestNG.runSuitesSequentially(TestNG.java:1244)
	at org.testng.TestNG.runSuitesLocally(TestNG.java:1169)
	at org.testng.TestNG.run(TestNG.java:1064)
	at com.testrunner.framework.TestRunner.main(TestRunner.java:28)
]]>
    </error>
  </testcase> <!-- TC01_WebBrowser_LoginLogout_TestCase -->
</testsuite> <!-- com.testscripts.framework.TestChilis -->
