<?xml version="1.0" encoding="UTF-8"?>
<!-- Generated by org.testng.reporters.JUnitReportReporter -->
<testsuite hostname="LTIN322938" name="com.makemytrip.testscript.TestScripts" tests="1" failures="0" timestamp="8 Jul 2024 09:36:58 GMT" time="27.938" errors="0">
  <testcase name="oneWayFlightSearch" time="27.938" classname="com.makemytrip.testscript.TestScripts"/>
</testsuite> <!-- com.makemytrip.testscript.TestScripts -->
