<?xml version="1.0" encoding="UTF-8"?>
<!-- Generated by org.testng.reporters.JUnitReportReporter -->
<testsuite hostname="LTIN365154" failures="0" tests="2" name="com.webelements.framework.FunctionalComponents" time="8.671" errors="0" timestamp="2022-11-03T11:29:47 IST" skipped="0">
  <testcase classname="com.webelements.framework.FunctionalComponents" name="closePopUp" time="0.157"/>
  <system-out/>
  <testcase classname="com.webelements.framework.FunctionalComponents" name="qa2_Login" time="8.514"/>
  <system-out/>
</testsuite> <!-- com.webelements.framework.FunctionalComponents -->
